[debug] [2018-08-31T15:52:48.180Z] ----------------------------------------------------------------------
[debug] [2018-08-31T15:52:48.193Z] Command:       C:\Program Files (x86)\nodejs\node.exe C:\Users\Ekwuno\AppData\Roaming\npm\node_modules\firebase-tools\bin\firebase init
[debug] [2018-08-31T15:52:48.195Z] CLI Version:   4.2.0
[debug] [2018-08-31T15:52:48.195Z] Platform:      win32
[debug] [2018-08-31T15:52:48.195Z] Node Version:  v9.2.0
[debug] [2018-08-31T15:52:48.195Z] Time:          Fri Aug 31 2018 16:52:48 GMT+0100 (W. Central Africa Standard Time)
[debug] [2018-08-31T15:52:48.195Z] ----------------------------------------------------------------------
[debug] 
[debug] [2018-08-31T15:52:48.500Z] > command requires scopes: ["email","openid","https://www.googleapis.com/auth/cloudplatformprojects.readonly","https://www.googleapis.com/auth/firebase"]
[debug] [2018-08-31T15:52:48.503Z] > authorizing via signed-in user
[info] 
     ######## #### ########  ######## ########     ###     ######  ########
     ##        ##  ##     ## ##       ##     ##  ##   ##  ##       ##
     ######    ##  ########  ######   ########  #########  ######  ######
     ##        ##  ##    ##  ##       ##     ## ##     ##       ## ##
     ##       #### ##     ## ######## ########  ##     ##  ######  ########

You're about to initialize a Firebase project in this directory:

  C:\Users\Ekwuno\Desktop\React Projects\CHOTA_\client

Before we get started, keep in mind:

  * You are initializing in an existing Firebase project directory

[info] 
=== Project Setup
[info] 
[info] First, let's associate this project directory with a Firebase project.
[info] You can create multiple project aliases by running firebase use --add, 
[info] but for now we'll just set up a default project.
[info] 
[debug] [2018-08-31T15:53:45.115Z] > refreshing access token with scopes: ["email","https://www.googleapis.com/auth/cloudplatformprojects.readonly","https://www.googleapis.com/auth/firebase","openid"]
[debug] [2018-08-31T15:53:45.115Z] >>> HTTP REQUEST POST https://www.googleapis.com/oauth2/v3/token  

[debug] [2018-08-31T15:53:47.000Z] <<< HTTP RESPONSE 200
[debug] [2018-08-31T15:53:47.120Z] >>> HTTP REQUEST GET https://admin.firebase.com/v1/projects  
 
[debug] [2018-08-31T15:53:48.712Z] <<< HTTP RESPONSE 200
[info] i  .firebaserc already has a default project, skipping
[info] 
=== Database Setup
[info] 
[info] Firebase Realtime Database Rules allow you to define how your data should be
[info] structured and when your data can be read from and written to.
[info] 
[debug] [2018-08-31T15:54:01.712Z] Error: EISDIR: illegal operation on a directory, open 'C:\Users\Ekwuno\Desktop\React Projects\CHOTA_\client\build'
    at Object.fs.openSync (fs.js:663:18)
    at Object.fs.writeFileSync (fs.js:1314:33)
    at Config.writeProjectFile (C:\Users\Ekwuno\AppData\Roaming\npm\node_modules\firebase-tools\lib\config.js:195:6)
    at C:\Users\Ekwuno\AppData\Roaming\npm\node_modules\firebase-tools\lib\init\features\database.js:33:21
    at <anonymous>
    at process._tickDomainCallback (internal/process/next_tick.js:228:7)
[error] 
[error] Error: An unexpected error has occurred.
[debug] [2018-08-31T15:54:26.059Z] ----------------------------------------------------------------------
[debug] [2018-08-31T15:54:26.069Z] Command:       C:\Program Files (x86)\nodejs\node.exe C:\Users\Ekwuno\AppData\Roaming\npm\node_modules\firebase-tools\bin\firebase init
[debug] [2018-08-31T15:54:26.069Z] CLI Version:   4.2.0
[debug] [2018-08-31T15:54:26.069Z] Platform:      win32
[debug] [2018-08-31T15:54:26.069Z] Node Version:  v9.2.0
[debug] [2018-08-31T15:54:26.069Z] Time:          Fri Aug 31 2018 16:54:26 GMT+0100 (W. Central Africa Standard Time)
[debug] [2018-08-31T15:54:26.074Z] ----------------------------------------------------------------------
[debug] 
[debug] [2018-08-31T15:54:26.104Z] > command requires scopes: ["email","openid","https://www.googleapis.com/auth/cloudplatformprojects.readonly","https://www.googleapis.com/auth/firebase"]
[debug] [2018-08-31T15:54:26.109Z] > authorizing via signed-in user
[info] 
     ######## #### ########  ######## ########     ###     ######  ########
     ##        ##  ##     ## ##       ##     ##  ##   ##  ##       ##
     ######    ##  ########  ######   ########  #########  ######  ######
     ##        ##  ##    ##  ##       ##     ## ##     ##       ## ##
     ##       #### ##     ## ######## ########  ##     ##  ######  ########

You're about to initialize a Firebase project in this directory:

  C:\Users\Ekwuno\Desktop\React Projects\CHOTA_\client

Before we get started, keep in mind:

  * You are initializing in an existing Firebase project directory

[info] 
=== Project Setup
[info] 
[info] First, let's associate this project directory with a Firebase project.
[info] You can create multiple project aliases by running firebase use --add, 
[info] but for now we'll just set up a default project.
[info] 
[debug] [2018-08-31T15:54:35.840Z] >>> HTTP REQUEST GET https://admin.firebase.com/v1/projects  
 
[debug] [2018-08-31T15:54:37.409Z] <<< HTTP RESPONSE 200
[info] i  .firebaserc already has a default project, skipping
[info] 
=== Database Setup
[info] 
[info] Firebase Realtime Database Rules allow you to define how your data should be
[info] structured and when your data can be read from and written to.
[info] 
[debug] [2018-08-31T15:55:07.124Z] Error: EISDIR: illegal operation on a directory, open 'C:\Users\Ekwuno\Desktop\React Projects\CHOTA_\client\build'
    at Object.fs.openSync (fs.js:663:18)
    at Object.fs.writeFileSync (fs.js:1314:33)
    at Config.writeProjectFile (C:\Users\Ekwuno\AppData\Roaming\npm\node_modules\firebase-tools\lib\config.js:195:6)
    at C:\Users\Ekwuno\AppData\Roaming\npm\node_modules\firebase-tools\lib\init\features\database.js:33:21
    at <anonymous>
    at process._tickDomainCallback (internal/process/next_tick.js:228:7)
[error] 
[error] Error: An unexpected error has occurred.
